<?xml version="1.0" encoding="UTF-8"?>
<testng-results ignored="0" total="1" passed="1" failed="0" skipped="0">
  <reporter-output>
  </reporter-output>
  <suite started-at="2023-05-05T18:45:23 IST" name="Default suite" finished-at="2023-05-05T18:45:25 IST" duration-ms="1534">
    <groups>
    </groups>
    <test started-at="2023-05-05T18:45:23 IST" name="Default test" finished-at="2023-05-05T18:45:25 IST" duration-ms="1534">
      <class name="org.ctos.com.Runner">
        <test-method is-config="true" signature="setUpSuite()[pri:0, instance:org.ctos.com.Runner@38089a5a]" started-at="2023-05-05T18:45:23 IST" name="setUpSuite" finished-at="2023-05-05T18:45:23 IST" duration-ms="162" status="PASS">
          <reporter-output>
          </reporter-output>
        </test-method> <!-- setUpSuite -->
        <test-method is-config="true" signature="setUp()[pri:0, instance:org.ctos.com.Runner@38089a5a]" started-at="2023-05-05T18:45:23 IST" name="setUp" finished-at="2023-05-05T18:45:25 IST" duration-ms="1410" status="PASS">
          <reporter-output>
          </reporter-output>
        </test-method> <!-- setUp -->
        <test-method signature="get_Tokens()[pri:0, instance:org.ctos.com.Runner@38089a5a]" started-at="2023-05-05T18:45:25 IST" name="get_Tokens" finished-at="2023-05-05T18:45:25 IST" duration-ms="43" status="PASS">
          <reporter-output>
          </reporter-output>
        </test-method> <!-- get_Tokens -->
        <test-method is-config="true" signature="afterSuite()[pri:0, instance:org.ctos.com.Runner@38089a5a]" started-at="2023-05-05T18:45:25 IST" name="afterSuite" finished-at="2023-05-05T18:45:25 IST" duration-ms="213" status="FAIL">
          <exception class="java.io.IOException">
            <message>
              <![CDATA[Failed to open file:/D:/Digital_FootPrint/com.footprint.ctos/target/APIreports/API_Report/.html. Error message: The system cannot find the file specified.
]]>
            </message>
            <full-stacktrace>
              <![CDATA[java.io.IOException: Failed to open file:/D:/Digital_FootPrint/com.footprint.ctos/target/APIreports/API_Report/.html. Error message: The system cannot find the file specified.

at java.desktop/sun.awt.windows.WDesktopPeer.ShellExecute(WDesktopPeer.java:115)
at java.desktop/sun.awt.windows.WDesktopPeer.browse(WDesktopPeer.java:101)
at java.desktop/java.awt.Desktop.browse(Desktop.java:533)
at org.ctos.com.Baseclass.afterSuite(Baseclass.java:52)
at java.base/jdk.internal.reflect.NativeMethodAccessorImpl.invoke0(Native Method)
at java.base/jdk.internal.reflect.NativeMethodAccessorImpl.invoke(NativeMethodAccessorImpl.java:77)
at java.base/jdk.internal.reflect.DelegatingMethodAccessorImpl.invoke(DelegatingMethodAccessorImpl.java:43)
at java.base/java.lang.reflect.Method.invoke(Method.java:568)
at org.testng.internal.MethodInvocationHelper.invokeMethod(MethodInvocationHelper.java:133)
at org.testng.internal.MethodInvocationHelper.invokeMethodConsideringTimeout(MethodInvocationHelper.java:62)
at org.testng.internal.ConfigInvoker.invokeConfigurationMethod(ConfigInvoker.java:385)
at org.testng.internal.ConfigInvoker.invokeConfigurations(ConfigInvoker.java:321)
at org.testng.SuiteRunner.privateRun(SuiteRunner.java:344)
at org.testng.SuiteRunner.run(SuiteRunner.java:276)
at org.testng.SuiteRunnerWorker.runSuite(SuiteRunnerWorker.java:53)
at org.testng.SuiteRunnerWorker.run(SuiteRunnerWorker.java:96)
at org.testng.TestNG.runSuitesSequentially(TestNG.java:1212)
at org.testng.TestNG.runSuitesLocally(TestNG.java:1134)
at org.testng.TestNG.runSuites(TestNG.java:1063)
at org.testng.TestNG.run(TestNG.java:1031)
at org.testng.remote.AbstractRemoteTestNG.run(AbstractRemoteTestNG.java:115)
at org.testng.remote.RemoteTestNG.initAndRun(RemoteTestNG.java:251)
at org.testng.remote.RemoteTestNG.main(RemoteTestNG.java:77)
]]>
            </full-stacktrace>
          </exception> <!-- java.io.IOException -->
          <reporter-output>
          </reporter-output>
        </test-method> <!-- afterSuite -->
      </class> <!-- org.ctos.com.Runner -->
    </test> <!-- Default test -->
  </suite> <!-- Default suite -->
</testng-results>
